Build started 4/7/2022 4:04:42 PM.
     1>Project "C:\Users\OYINLOLA SALIM O\Desktop\cpp-prog-ms-vs\Daily Streak\practice_from_yesterday\practice_from_yesterday\practice_from_yesterday.vcxproj" on node 2 (build target(s)).
     1>PrepareForBuild:
         Creating directory "C:\Users\OYINLOLA SALIM O\Desktop\cpp-prog-ms-vs\Daily Streak\practice_from_yesterday\Debug\".
       InitializeBuildStatus:
         Creating "Debug\practice_from_yesterday.unsuccessfulbuild" because "AlwaysCreate" was specified.
       ClCompile:
         C:\Program Files (x86)\Microsoft Visual Studio 10.0\VC\bin\CL.exe /c /ZI /nologo /W3 /WX- /Od /Oy- /D WIN32 /D _DEBUG /D _CONSOLE /D _UNICODE /D UNICODE /Gm /EHsc /RTC1 /MDd /GS /fp:precise /Zc:wchar_t /Zc:forScope /Fo"Debug\\" /Fd"Debug\vc100.pdb" /Gd /TP /analyze- /errorReport:prompt main.cpp
         main.cpp
       ManifestResourceCompile:
         C:\Program Files (x86)\Microsoft SDKs\Windows\v7.0A\bin\rc.exe /nologo /fo"Debug\practice_from_yesterday.exe.embed.manifest.res" Debug\practice_from_yesterday_manifest.rc 
       Link:
         C:\Program Files (x86)\Microsoft Visual Studio 10.0\VC\bin\link.exe /ERRORREPORT:PROMPT /OUT:"C:\Users\OYINLOLA SALIM O\Desktop\cpp-prog-ms-vs\Daily Streak\practice_from_yesterday\Debug\practice_from_yesterday.exe" /INCREMENTAL /NOLOGO kernel32.lib user32.lib gdi32.lib winspool.lib comdlg32.lib advapi32.lib shell32.lib ole32.lib oleaut32.lib uuid.lib odbc32.lib odbccp32.lib /MANIFEST /ManifestFile:"Debug\practice_from_yesterday.exe.intermediate.manifest" /MANIFESTUAC:"level='asInvoker' uiAccess='false'" /DEBUG /PDB:"C:\Users\OYINLOLA SALIM O\Desktop\cpp-prog-ms-vs\Daily Streak\practice_from_yesterday\Debug\practice_from_yesterday.pdb" /SUBSYSTEM:CONSOLE /TLBID:1 /DYNAMICBASE /NXCOMPAT /IMPLIB:"C:\Users\OYINLOLA SALIM O\Desktop\cpp-prog-ms-vs\Daily Streak\practice_from_yesterday\Debug\practice_from_yesterday.lib" /MACHINE:X86 Debug\practice_from_yesterday.exe.embed.manifest.res
         Debug\main.obj
       Manifest:
         C:\Program Files (x86)\Microsoft SDKs\Windows\v7.0A\bin\mt.exe /nologo /verbose /out:"Debug\practice_from_yesterday.exe.embed.manifest" /manifest Debug\practice_from_yesterday.exe.intermediate.manifest
         C:\Program Files (x86)\Microsoft SDKs\Windows\v7.0A\bin\rc.exe /nologo /fo"Debug\practice_from_yesterday.exe.embed.manifest.res" Debug\practice_from_yesterday_manifest.rc 
       LinkEmbedManifest:
         C:\Program Files (x86)\Microsoft Visual Studio 10.0\VC\bin\link.exe /ERRORREPORT:PROMPT /OUT:"C:\Users\OYINLOLA SALIM O\Desktop\cpp-prog-ms-vs\Daily Streak\practice_from_yesterday\Debug\practice_from_yesterday.exe" /INCREMENTAL /NOLOGO kernel32.lib user32.lib gdi32.lib winspool.lib comdlg32.lib advapi32.lib shell32.lib ole32.lib oleaut32.lib uuid.lib odbc32.lib odbccp32.lib /MANIFEST /ManifestFile:"Debug\practice_from_yesterday.exe.intermediate.manifest" /MANIFESTUAC:"level='asInvoker' uiAccess='false'" /DEBUG /PDB:"C:\Users\OYINLOLA SALIM O\Desktop\cpp-prog-ms-vs\Daily Streak\practice_from_yesterday\Debug\practice_from_yesterday.pdb" /SUBSYSTEM:CONSOLE /TLBID:1 /DYNAMICBASE /NXCOMPAT /IMPLIB:"C:\Users\OYINLOLA SALIM O\Desktop\cpp-prog-ms-vs\Daily Streak\practice_from_yesterday\Debug\practice_from_yesterday.lib" /MACHINE:X86 Debug\practice_from_yesterday.exe.embed.manifest.res
         Debug\main.obj
         practice_from_yesterday.vcxproj -> C:\Users\OYINLOLA SALIM O\Desktop\cpp-prog-ms-vs\Daily Streak\practice_from_yesterday\Debug\practice_from_yesterday.exe
       FinalizeBuildStatus:
         Deleting file "Debug\practice_from_yesterday.unsuccessfulbuild".
         Touching "Debug\practice_from_yesterday.lastbuildstate".
     1>Done Building Project "C:\Users\OYINLOLA SALIM O\Desktop\cpp-prog-ms-vs\Daily Streak\practice_from_yesterday\practice_from_yesterday\practice_from_yesterday.vcxproj" (build target(s)).

Build succeeded.

Time Elapsed 00:00:04.91
