Build started 4/5/2022 9:53:30 PM.
     1>Project "C:\Users\OYINLOLA SALIM O\Desktop\cpp-prog-ms-vs\Daily Streak\playing_around\playing_around\playing_around.vcxproj" on node 2 (build target(s)).
     1>PrepareForBuild:
         Creating directory "C:\Users\OYINLOLA SALIM O\Desktop\cpp-prog-ms-vs\Daily Streak\playing_around\Debug\".
       InitializeBuildStatus:
         Creating "Debug\playing_around.unsuccessfulbuild" because "AlwaysCreate" was specified.
       ClCompile:
         C:\Program Files (x86)\Microsoft Visual Studio 10.0\VC\bin\CL.exe /c /ZI /nologo /W3 /WX- /Od /Oy- /D WIN32 /D _DEBUG /D _CONSOLE /D _UNICODE /D UNICODE /Gm /EHsc /RTC1 /MDd /GS /fp:precise /Zc:wchar_t /Zc:forScope /Fo"Debug\\" /Fd"Debug\vc100.pdb" /Gd /TP /analyze- /errorReport:prompt main.cpp
         main.cpp
       ManifestResourceCompile:
         C:\Program Files (x86)\Microsoft SDKs\Windows\v7.0A\bin\rc.exe /nologo /fo"Debug\playing_around.exe.embed.manifest.res" Debug\playing_around_manifest.rc 
       Link:
         C:\Program Files (x86)\Microsoft Visual Studio 10.0\VC\bin\link.exe /ERRORREPORT:PROMPT /OUT:"C:\Users\OYINLOLA SALIM O\Desktop\cpp-prog-ms-vs\Daily Streak\playing_around\Debug\playing_around.exe" /INCREMENTAL /NOLOGO kernel32.lib user32.lib gdi32.lib winspool.lib comdlg32.lib advapi32.lib shell32.lib ole32.lib oleaut32.lib uuid.lib odbc32.lib odbccp32.lib /MANIFEST /ManifestFile:"Debug\playing_around.exe.intermediate.manifest" /MANIFESTUAC:"level='asInvoker' uiAccess='false'" /DEBUG /PDB:"C:\Users\OYINLOLA SALIM O\Desktop\cpp-prog-ms-vs\Daily Streak\playing_around\Debug\playing_around.pdb" /SUBSYSTEM:CONSOLE /TLBID:1 /DYNAMICBASE /NXCOMPAT /IMPLIB:"C:\Users\OYINLOLA SALIM O\Desktop\cpp-prog-ms-vs\Daily Streak\playing_around\Debug\playing_around.lib" /MACHINE:X86 Debug\playing_around.exe.embed.manifest.res
         Debug\main.obj
       Manifest:
         C:\Program Files (x86)\Microsoft SDKs\Windows\v7.0A\bin\mt.exe /nologo /verbose /out:"Debug\playing_around.exe.embed.manifest" /manifest Debug\playing_around.exe.intermediate.manifest
         C:\Program Files (x86)\Microsoft SDKs\Windows\v7.0A\bin\rc.exe /nologo /fo"Debug\playing_around.exe.embed.manifest.res" Debug\playing_around_manifest.rc 
       LinkEmbedManifest:
         C:\Program Files (x86)\Microsoft Visual Studio 10.0\VC\bin\link.exe /ERRORREPORT:PROMPT /OUT:"C:\Users\OYINLOLA SALIM O\Desktop\cpp-prog-ms-vs\Daily Streak\playing_around\Debug\playing_around.exe" /INCREMENTAL /NOLOGO kernel32.lib user32.lib gdi32.lib winspool.lib comdlg32.lib advapi32.lib shell32.lib ole32.lib oleaut32.lib uuid.lib odbc32.lib odbccp32.lib /MANIFEST /ManifestFile:"Debug\playing_around.exe.intermediate.manifest" /MANIFESTUAC:"level='asInvoker' uiAccess='false'" /DEBUG /PDB:"C:\Users\OYINLOLA SALIM O\Desktop\cpp-prog-ms-vs\Daily Streak\playing_around\Debug\playing_around.pdb" /SUBSYSTEM:CONSOLE /TLBID:1 /DYNAMICBASE /NXCOMPAT /IMPLIB:"C:\Users\OYINLOLA SALIM O\Desktop\cpp-prog-ms-vs\Daily Streak\playing_around\Debug\playing_around.lib" /MACHINE:X86 Debug\playing_around.exe.embed.manifest.res
         Debug\main.obj
         playing_around.vcxproj -> C:\Users\OYINLOLA SALIM O\Desktop\cpp-prog-ms-vs\Daily Streak\playing_around\Debug\playing_around.exe
       FinalizeBuildStatus:
         Deleting file "Debug\playing_around.unsuccessfulbuild".
         Touching "Debug\playing_around.lastbuildstate".
     1>Done Building Project "C:\Users\OYINLOLA SALIM O\Desktop\cpp-prog-ms-vs\Daily Streak\playing_around\playing_around\playing_around.vcxproj" (build target(s)).

Build succeeded.

Time Elapsed 00:00:07.02
