Build started 4/3/2022 5:33:14 AM.
     1>Project "C:\Users\OYINLOLA SALIM O\Desktop\cpp-prog-ms-vs\Daily Streak\struct101\struct101\struct101.vcxproj" on node 2 (build target(s)).
     1>InitializeBuildStatus:
         Creating "Debug\struct101.unsuccessfulbuild" because "AlwaysCreate" was specified.
       ClCompile:
         C:\Program Files (x86)\Microsoft Visual Studio 10.0\VC\bin\CL.exe /c /ZI /nologo /W3 /WX- /Od /Oy- /D WIN32 /D _DEBUG /D _CONSOLE /D _UNICODE /D UNICODE /Gm /EHsc /RTC1 /MDd /GS /fp:precise /Zc:wchar_t /Zc:forScope /Fo"Debug\\" /Fd"Debug\vc100.pdb" /Gd /TP /analyze- /errorReport:prompt main.cpp
         main.cpp
       ManifestResourceCompile:
         All outputs are up-to-date.
       Link:
         C:\Program Files (x86)\Microsoft Visual Studio 10.0\VC\bin\link.exe /ERRORREPORT:PROMPT /OUT:"C:\Users\OYINLOLA SALIM O\Desktop\cpp-prog-ms-vs\Daily Streak\struct101\Debug\struct101.exe" /INCREMENTAL /NOLOGO kernel32.lib user32.lib gdi32.lib winspool.lib comdlg32.lib advapi32.lib shell32.lib ole32.lib oleaut32.lib uuid.lib odbc32.lib odbccp32.lib /MANIFEST /ManifestFile:"Debug\struct101.exe.intermediate.manifest" /MANIFESTUAC:"level='asInvoker' uiAccess='false'" /DEBUG /PDB:"C:\Users\OYINLOLA SALIM O\Desktop\cpp-prog-ms-vs\Daily Streak\struct101\Debug\struct101.pdb" /SUBSYSTEM:CONSOLE /TLBID:1 /DYNAMICBASE /NXCOMPAT /IMPLIB:"C:\Users\OYINLOLA SALIM O\Desktop\cpp-prog-ms-vs\Daily Streak\struct101\Debug\struct101.lib" /MACHINE:X86 Debug\struct101.exe.embed.manifest.res
         Debug\main.obj
       Manifest:
         C:\Program Files (x86)\Microsoft SDKs\Windows\v7.0A\bin\mt.exe /nologo /verbose /out:"Debug\struct101.exe.embed.manifest" /manifest Debug\struct101.exe.intermediate.manifest
         All outputs are up-to-date.
       LinkEmbedManifest:
         All outputs are up-to-date.
         struct101.vcxproj -> C:\Users\OYINLOLA SALIM O\Desktop\cpp-prog-ms-vs\Daily Streak\struct101\Debug\struct101.exe
       FinalizeBuildStatus:
         Deleting file "Debug\struct101.unsuccessfulbuild".
         Touching "Debug\struct101.lastbuildstate".
     1>Done Building Project "C:\Users\OYINLOLA SALIM O\Desktop\cpp-prog-ms-vs\Daily Streak\struct101\struct101\struct101.vcxproj" (build target(s)).

Build succeeded.

Time Elapsed 00:00:01.30
